<?xml version="1.0" encoding="UTF-8"?>
<!-- Generated by org.testng.reporters.JUnitReportReporter -->
<testsuite hostname="Mahesh-13" failures="0" tests="2" name="demo23.dependsonmethods" time="13.355" errors="0" timestamp="2022-01-28T10:18:09 IST" skipped="0">
  <testcase classname="demo23.dependsonmethods" name="logouttest" time="7.463"/>
  <system-out/>
  <testcase classname="demo23.dependsonmethods" name="logintest" time="5.892"/>
  <system-out/>
</testsuite> <!-- demo23.dependsonmethods -->
