<?xml version="1.0" encoding="UTF-8"?>
<!-- Generated by org.testng.reporters.JUnitReportReporter -->
<testsuite hostname="Mahesh-13" failures="0" tests="2" name="demo23.dependsonmethods" time="11.731" errors="0" timestamp="2022-01-27T20:51:38 IST" skipped="0">
  <testcase classname="demo23.dependsonmethods" name="logintest" time="5.178"/>
  <system-out/>
  <testcase classname="demo23.dependsonmethods" name="logouttest" time="6.553"/>
  <system-out/>
</testsuite> <!-- demo23.dependsonmethods -->
